This file contains any messages produced by compilers while
running configure, to aid debugging if configure makes a mistake.

It was created by MPFR configure 3.1.2, which was
generated by GNU Autoconf 2.69.  Invocation command line was

  $ ./configure CFLAGS=-I/home/user/Desktop/XPIR/XPIR/local/include LDFLAGS=-L/home/user/Desktop/XPIR/XPIR/local/lib --prefix=/home/user/Desktop/XPIR/XPIR/local/

## --------- ##
## Platform. ##
## --------- ##

hostname = ubuntu
uname -m = x86_64
uname -r = 4.2.0-27-generic
uname -s = Linux
uname -v = #32~14.04.1-Ubuntu SMP Fri Jan 22 15:32:26 UTC 2016

/usr/bin/uname -p = unknown
/bin/uname -X     = unknown

/bin/arch              = unknown
/usr/bin/arch -k       = unknown
/usr/convex/getsysinfo = unknown
/usr/bin/hostinfo      = unknown
/bin/machine           = unknown
/usr/bin/oslevel       = unknown
/bin/universe          = unknown

PATH: /usr/local/sbin
PATH: /usr/local/bin
PATH: /usr/sbin
PATH: /usr/bin
PATH: /sbin
PATH: /bin
PATH: /usr/games
PATH: /usr/local/games


## ----------- ##
## Core tests. ##
## ----------- ##

configure:2558: checking for a BSD-compatible install
configure:2626: result: /usr/bin/install -c
configure:2637: checking whether build environment is sane
configure:2687: result: yes
configure:2828: checking for a thread-safe mkdir -p
configure:2867: result: /bin/mkdir -p
configure:2880: checking for gawk
configure:2896: found /usr/bin/gawk
configure:2907: result: gawk
configure:2918: checking whether make sets $(MAKE)
configure:2940: result: yes
configure:3012: checking whether to enable maintainer-specific portions of Makefiles
configure:3021: result: yes
configure:3044: checking build system type
configure:3058: result: x86_64-unknown-linux-gnu
configure:3078: checking host system type
configure:3091: result: x86_64-unknown-linux-gnu
configure:3112: checking for grep that handles long lines and -e
configure:3170: result: /bin/grep
configure:3175: checking for egrep
configure:3237: result: /bin/grep -E
configure:3242: checking for a sed that does not truncate output
configure:3306: result: /bin/sed
configure:3577: checking for gcc
configure:3593: found /usr/bin/gcc
configure:3604: result: gcc
configure:3833: checking for C compiler version
configure:3842: gcc --version >&5
gcc (Ubuntu 4.8.4-2ubuntu1~14.04.1) 4.8.4
Copyright (C) 2013 Free Software Foundation, Inc.
This is free software; see the source for copying conditions.  There is NO
warranty; not even for MERCHANTABILITY or FITNESS FOR A PARTICULAR PURPOSE.

configure:3853: $? = 0
configure:3842: gcc -v >&5
Using built-in specs.
COLLECT_GCC=gcc
COLLECT_LTO_WRAPPER=/usr/lib/gcc/x86_64-linux-gnu/4.8/lto-wrapper
Target: x86_64-linux-gnu
Configured with: ../src/configure -v --with-pkgversion='Ubuntu 4.8.4-2ubuntu1~14.04.1' --with-bugurl=file:///usr/share/doc/gcc-4.8/README.Bugs --enable-languages=c,c++,java,go,d,fortran,objc,obj-c++ --prefix=/usr --program-suffix=-4.8 --enable-shared --enable-linker-build-id --libexecdir=/usr/lib --without-included-gettext --enable-threads=posix --with-gxx-include-dir=/usr/include/c++/4.8 --libdir=/usr/lib --enable-nls --with-sysroot=/ --enable-clocale=gnu --enable-libstdcxx-debug --enable-libstdcxx-time=yes --enable-gnu-unique-object --disable-libmudflap --enable-plugin --with-system-zlib --disable-browser-plugin --enable-java-awt=gtk --enable-gtk-cairo --with-java-home=/usr/lib/jvm/java-1.5.0-gcj-4.8-amd64/jre --enable-java-home --with-jvm-root-dir=/usr/lib/jvm/java-1.5.0-gcj-4.8-amd64 --with-jvm-jar-dir=/usr/lib/jvm-exports/java-1.5.0-gcj-4.8-amd64 --with-arch-directory=amd64 --with-ecj-jar=/usr/share/java/eclipse-ecj.jar --enable-objc-gc --enable-multiarch --disable-werror --with-arch-32=i686 --with-abi=m64 --with-multilib-list=m32,m64,mx32 --with-tune=generic --enable-checking=release --build=x86_64-linux-gnu --host=x86_64-linux-gnu --target=x86_64-linux-gnu
Thread model: posix
gcc version 4.8.4 (Ubuntu 4.8.4-2ubuntu1~14.04.1) 
configure:3853: $? = 0
configure:3842: gcc -V >&5
gcc: error: unrecognized command line option '-V'
gcc: fatal error: no input files
compilation terminated.
configure:3853: $? = 4
configure:3842: gcc -qversion >&5
gcc: error: unrecognized command line option '-qversion'
gcc: fatal error: no input files
compilation terminated.
configure:3853: $? = 4
configure:3873: checking whether the C compiler works
configure:3895: gcc -I/home/user/Desktop/XPIR/XPIR/local/include  -L/home/user/Desktop/XPIR/XPIR/local/lib conftest.c  >&5
configure:3899: $? = 0
configure:3947: result: yes
configure:3950: checking for C compiler default output file name
configure:3952: result: a.out
configure:3958: checking for suffix of executables
configure:3965: gcc -o conftest -I/home/user/Desktop/XPIR/XPIR/local/include  -L/home/user/Desktop/XPIR/XPIR/local/lib conftest.c  >&5
configure:3969: $? = 0
configure:3991: result: 
configure:4013: checking whether we are cross compiling
configure:4021: gcc -o conftest -I/home/user/Desktop/XPIR/XPIR/local/include  -L/home/user/Desktop/XPIR/XPIR/local/lib conftest.c  >&5
configure:4025: $? = 0
configure:4032: ./conftest
configure:4036: $? = 0
configure:4051: result: no
configure:4056: checking for suffix of object files
configure:4078: gcc -c -I/home/user/Desktop/XPIR/XPIR/local/include  conftest.c >&5
configure:4082: $? = 0
configure:4103: result: o
configure:4107: checking whether we are using the GNU C compiler
configure:4126: gcc -c -I/home/user/Desktop/XPIR/XPIR/local/include  conftest.c >&5
configure:4126: $? = 0
configure:4135: result: yes
configure:4144: checking whether gcc accepts -g
configure:4164: gcc -c -g  conftest.c >&5
configure:4164: $? = 0
configure:4205: result: yes
configure:4222: checking for gcc option to accept ISO C89
configure:4285: gcc  -c -I/home/user/Desktop/XPIR/XPIR/local/include  conftest.c >&5
configure:4285: $? = 0
configure:4298: result: none needed
configure:4329: checking for style of include used by make
configure:4357: result: GNU
configure:4383: checking dependency style of gcc
configure:4494: result: gcc3
configure:4514: checking how to run the C preprocessor
configure:4545: gcc -E  conftest.c
configure:4545: $? = 0
configure:4559: gcc -E  conftest.c
conftest.c:9:28: fatal error: ac_nonexistent.h: No such file or directory
 #include <ac_nonexistent.h>
                            ^
compilation terminated.
configure:4559: $? = 1
configure: failed program was:
| /* confdefs.h */
| #define PACKAGE_NAME "MPFR"
| #define PACKAGE_TARNAME "mpfr"
| #define PACKAGE_VERSION "3.1.2"
| #define PACKAGE_STRING "MPFR 3.1.2"
| #define PACKAGE_BUGREPORT ""
| #define PACKAGE_URL ""
| /* end confdefs.h.  */
| #include <ac_nonexistent.h>
configure:4584: result: gcc -E
configure:4604: gcc -E  conftest.c
configure:4604: $? = 0
configure:4618: gcc -E  conftest.c
conftest.c:9:28: fatal error: ac_nonexistent.h: No such file or directory
 #include <ac_nonexistent.h>
                            ^
compilation terminated.
configure:4618: $? = 1
configure: failed program was:
| /* confdefs.h */
| #define PACKAGE_NAME "MPFR"
| #define PACKAGE_TARNAME "mpfr"
| #define PACKAGE_VERSION "3.1.2"
| #define PACKAGE_STRING "MPFR 3.1.2"
| #define PACKAGE_BUGREPORT ""
| #define PACKAGE_URL ""
| /* end confdefs.h.  */
| #include <ac_nonexistent.h>
configure:4757: checking for ICC
configure:4775: gcc -c -I/home/user/Desktop/XPIR/XPIR/local/include  conftest.c >&5
conftest.c:11:3: error: #error "ICC Not Found"
 # error "ICC Not Found"
   ^
conftest.c:15:1: error: expected '=', ',', ';', 'asm' or '__attribute__' before 'int'
 int
 ^
configure:4775: $? = 1
configure: failed program was:
| /* confdefs.h */
| #define PACKAGE_NAME "MPFR"
| #define PACKAGE_TARNAME "mpfr"
| #define PACKAGE_VERSION "3.1.2"
| #define PACKAGE_STRING "MPFR 3.1.2"
| #define PACKAGE_BUGREPORT ""
| #define PACKAGE_URL ""
| /* end confdefs.h.  */
| 
| #if !defined(__ICC)
| # error "ICC Not Found"
| error
| #endif
| 
| int
| main ()
| {
| 
|   ;
|   return 0;
| }
configure:4782: result: no
configure:4792: checking whether gcc and cc understand -c and -o together
configure:4823: gcc -c conftest.c -o conftest2.o >&5
configure:4827: $? = 0
configure:4833: gcc -c conftest.c -o conftest2.o >&5
configure:4837: $? = 0
configure:4848: cc -c conftest.c >&5
configure:4852: $? = 0
configure:4860: cc -c conftest.c -o conftest2.o >&5
configure:4864: $? = 0
configure:4870: cc -c conftest.c -o conftest2.o >&5
configure:4874: $? = 0
configure:4892: result: yes
configure:4952: checking for an ANSI C-conforming const
configure:5018: gcc -c -I/home/user/Desktop/XPIR/XPIR/local/include  conftest.c >&5
configure:5018: $? = 0
configure:5025: result: yes
configure:5033: checking for working volatile
configure:5052: gcc -c -I/home/user/Desktop/XPIR/XPIR/local/include  conftest.c >&5
configure:5052: $? = 0
configure:5059: result: yes
configure:5225: checking for main in -lm
configure:5244: gcc -o conftest -I/home/user/Desktop/XPIR/XPIR/local/include  -L/home/user/Desktop/XPIR/XPIR/local/lib conftest.c -lm   >&5
configure:5244: $? = 0
configure:5253: result: yes
configure:5262: checking whether time.h and sys/time.h may both be included
configure:5282: gcc -c -I/home/user/Desktop/XPIR/XPIR/local/include  conftest.c >&5
configure:5282: $? = 0
configure:5289: result: yes
configure:5298: checking for ANSI C header files
configure:5318: gcc -c -I/home/user/Desktop/XPIR/XPIR/local/include  conftest.c >&5
configure:5318: $? = 0
configure:5391: gcc -o conftest -I/home/user/Desktop/XPIR/XPIR/local/include  -L/home/user/Desktop/XPIR/XPIR/local/lib conftest.c  >&5
configure:5391: $? = 0
configure:5391: ./conftest
configure:5391: $? = 0
configure:5402: result: yes
configure:5415: checking for sys/types.h
configure:5415: gcc -c -I/home/user/Desktop/XPIR/XPIR/local/include  conftest.c >&5
configure:5415: $? = 0
configure:5415: result: yes
configure:5415: checking for sys/stat.h
configure:5415: gcc -c -I/home/user/Desktop/XPIR/XPIR/local/include  conftest.c >&5
configure:5415: $? = 0
configure:5415: result: yes
configure:5415: checking for stdlib.h
configure:5415: gcc -c -I/home/user/Desktop/XPIR/XPIR/local/include  conftest.c >&5
configure:5415: $? = 0
configure:5415: result: yes
configure:5415: checking for string.h
configure:5415: gcc -c -I/home/user/Desktop/XPIR/XPIR/local/include  conftest.c >&5
configure:5415: $? = 0
configure:5415: result: yes
configure:5415: checking for memory.h
configure:5415: gcc -c -I/home/user/Desktop/XPIR/XPIR/local/include  conftest.c >&5
configure:5415: $? = 0
configure:5415: result: yes
configure:5415: checking for strings.h
configure:5415: gcc -c -I/home/user/Desktop/XPIR/XPIR/local/include  conftest.c >&5
configure:5415: $? = 0
configure:5415: result: yes
configure:5415: checking for inttypes.h
configure:5415: gcc -c -I/home/user/Desktop/XPIR/XPIR/local/include  conftest.c >&5
configure:5415: $? = 0
configure:5415: result: yes
configure:5415: checking for stdint.h
configure:5415: gcc -c -I/home/user/Desktop/XPIR/XPIR/local/include  conftest.c >&5
configure:5415: $? = 0
configure:5415: result: yes
configure:5415: checking for unistd.h
configure:5415: gcc -c -I/home/user/Desktop/XPIR/XPIR/local/include  conftest.c >&5
configure:5415: $? = 0
configure:5415: result: yes
configure:5427: checking for size_t
configure:5427: gcc -c -I/home/user/Desktop/XPIR/XPIR/local/include  conftest.c >&5
configure:5427: $? = 0
configure:5427: gcc -c -I/home/user/Desktop/XPIR/XPIR/local/include  conftest.c >&5
conftest.c: In function 'main':
conftest.c:56:21: error: expected expression before ')' token
 if (sizeof ((size_t)))
                     ^
configure:5427: $? = 1
configure: failed program was:
| /* confdefs.h */
| #define PACKAGE_NAME "MPFR"
| #define PACKAGE_TARNAME "mpfr"
| #define PACKAGE_VERSION "3.1.2"
| #define PACKAGE_STRING "MPFR 3.1.2"
| #define PACKAGE_BUGREPORT ""
| #define PACKAGE_URL ""
| #define TIME_WITH_SYS_TIME 1
| #define STDC_HEADERS 1
| #define HAVE_SYS_TYPES_H 1
| #define HAVE_SYS_STAT_H 1
| #define HAVE_STDLIB_H 1
| #define HAVE_STRING_H 1
| #define HAVE_MEMORY_H 1
| #define HAVE_STRINGS_H 1
| #define HAVE_INTTYPES_H 1
| #define HAVE_STDINT_H 1
| #define HAVE_UNISTD_H 1
| /* end confdefs.h.  */
| #include <stdio.h>
| #ifdef HAVE_SYS_TYPES_H
| # include <sys/types.h>
| #endif
| #ifdef HAVE_SYS_STAT_H
| # include <sys/stat.h>
| #endif
| #ifdef STDC_HEADERS
| # include <stdlib.h>
| # include <stddef.h>
| #else
| # ifdef HAVE_STDLIB_H
| #  include <stdlib.h>
| # endif
| #endif
| #ifdef HAVE_STRING_H
| # if !defined STDC_HEADERS && defined HAVE_MEMORY_H
| #  include <memory.h>
| # endif
| # include <string.h>
| #endif
| #ifdef HAVE_STRINGS_H
| # include <strings.h>
| #endif
| #ifdef HAVE_INTTYPES_H
| # include <inttypes.h>
| #endif
| #ifdef HAVE_STDINT_H
| # include <stdint.h>
| #endif
| #ifdef HAVE_UNISTD_H
| # include <unistd.h>
| #endif
| int
| main ()
| {
| if (sizeof ((size_t)))
| 	    return 0;
|   ;
|   return 0;
| }
configure:5427: result: yes
configure:5444: checking limits.h usability
configure:5444: gcc -c -I/home/user/Desktop/XPIR/XPIR/local/include  conftest.c >&5
configure:5444: $? = 0
configure:5444: result: yes
configure:5444: checking limits.h presence
configure:5444: gcc -E  conftest.c
configure:5444: $? = 0
configure:5444: result: yes
configure:5444: checking for limits.h
configure:5444: result: yes
configure:5452: checking float.h usability
configure:5452: gcc -c -I/home/user/Desktop/XPIR/XPIR/local/include  conftest.c >&5
configure:5452: $? = 0
configure:5452: result: yes
configure:5452: checking float.h presence
configure:5452: gcc -E  conftest.c
configure:5452: $? = 0
configure:5452: result: yes
configure:5452: checking for float.h
configure:5452: result: yes
configure:5460: checking for string.h
configure:5460: result: yes
configure:5471: checking locale.h usability
configure:5471: gcc -c -I/home/user/Desktop/XPIR/XPIR/local/include  conftest.c >&5
configure:5471: $? = 0
configure:5471: result: yes
configure:5471: checking locale.h presence
configure:5471: gcc -E  conftest.c
configure:5471: $? = 0
configure:5471: result: yes
configure:5471: checking for locale.h
configure:5471: result: yes
configure:5484: checking wchar.h usability
configure:5484: gcc -c -I/home/user/Desktop/XPIR/XPIR/local/include  conftest.c >&5
configure:5484: $? = 0
configure:5484: result: yes
configure:5484: checking wchar.h presence
configure:5484: gcc -E  conftest.c
configure:5484: $? = 0
configure:5484: result: yes
configure:5484: checking for wchar.h
configure:5484: result: yes
configure:5495: checking stdarg.h usability
configure:5495: gcc -c -I/home/user/Desktop/XPIR/XPIR/local/include  conftest.c >&5
configure:5495: $? = 0
configure:5495: result: yes
configure:5495: checking stdarg.h presence
configure:5495: gcc -E  conftest.c
configure:5495: $? = 0
configure:5495: result: yes
configure:5495: checking for stdarg.h
configure:5495: result: yes
configure:5516: checking sys/time.h usability
configure:5516: gcc -c -I/home/user/Desktop/XPIR/XPIR/local/include  conftest.c >&5
configure:5516: $? = 0
configure:5516: result: yes
configure:5516: checking sys/time.h presence
configure:5516: gcc -E  conftest.c
configure:5516: $? = 0
configure:5516: result: yes
configure:5516: checking for sys/time.h
configure:5516: result: yes
configure:5516: checking sys/fpu.h usability
configure:5516: gcc -c -I/home/user/Desktop/XPIR/XPIR/local/include  conftest.c >&5
conftest.c:57:21: fatal error: sys/fpu.h: No such file or directory
 #include <sys/fpu.h>
                     ^
compilation terminated.
configure:5516: $? = 1
configure: failed program was:
| /* confdefs.h */
| #define PACKAGE_NAME "MPFR"
| #define PACKAGE_TARNAME "mpfr"
| #define PACKAGE_VERSION "3.1.2"
| #define PACKAGE_STRING "MPFR 3.1.2"
| #define PACKAGE_BUGREPORT ""
| #define PACKAGE_URL ""
| #define TIME_WITH_SYS_TIME 1
| #define STDC_HEADERS 1
| #define HAVE_SYS_TYPES_H 1
| #define HAVE_SYS_STAT_H 1
| #define HAVE_STDLIB_H 1
| #define HAVE_STRING_H 1
| #define HAVE_MEMORY_H 1
| #define HAVE_STRINGS_H 1
| #define HAVE_INTTYPES_H 1
| #define HAVE_STDINT_H 1
| #define HAVE_UNISTD_H 1
| #define HAVE_LOCALE_H 1
| #define HAVE_WCHAR_H 1
| #define HAVE_STDARG 1
| #define HAVE_SYS_TIME_H 1
| /* end confdefs.h.  */
| #include <stdio.h>
| #ifdef HAVE_SYS_TYPES_H
| # include <sys/types.h>
| #endif
| #ifdef HAVE_SYS_STAT_H
| # include <sys/stat.h>
| #endif
| #ifdef STDC_HEADERS
| # include <stdlib.h>
| # include <stddef.h>
| #else
| # ifdef HAVE_STDLIB_H
| #  include <stdlib.h>
| # endif
| #endif
| #ifdef HAVE_STRING_H
| # if !defined STDC_HEADERS && defined HAVE_MEMORY_H
| #  include <memory.h>
| # endif
| # include <string.h>
| #endif
| #ifdef HAVE_STRINGS_H
| # include <strings.h>
| #endif
| #ifdef HAVE_INTTYPES_H
| # include <inttypes.h>
| #endif
| #ifdef HAVE_STDINT_H
| # include <stdint.h>
| #endif
| #ifdef HAVE_UNISTD_H
| # include <unistd.h>
| #endif
| #include <sys/fpu.h>
configure:5516: result: no
configure:5516: checking sys/fpu.h presence
configure:5516: gcc -E  conftest.c
conftest.c:24:21: fatal error: sys/fpu.h: No such file or directory
 #include <sys/fpu.h>
                     ^
compilation terminated.
configure:5516: $? = 1
configure: failed program was:
| /* confdefs.h */
| #define PACKAGE_NAME "MPFR"
| #define PACKAGE_TARNAME "mpfr"
| #define PACKAGE_VERSION "3.1.2"
| #define PACKAGE_STRING "MPFR 3.1.2"
| #define PACKAGE_BUGREPORT ""
| #define PACKAGE_URL ""
| #define TIME_WITH_SYS_TIME 1
| #define STDC_HEADERS 1
| #define HAVE_SYS_TYPES_H 1
| #define HAVE_SYS_STAT_H 1
| #define HAVE_STDLIB_H 1
| #define HAVE_STRING_H 1
| #define HAVE_MEMORY_H 1
| #define HAVE_STRINGS_H 1
| #define HAVE_INTTYPES_H 1
| #define HAVE_STDINT_H 1
| #define HAVE_UNISTD_H 1
| #define HAVE_LOCALE_H 1
| #define HAVE_WCHAR_H 1
| #define HAVE_STDARG 1
| #define HAVE_SYS_TIME_H 1
| /* end confdefs.h.  */
| #include <sys/fpu.h>
configure:5516: result: no
configure:5516: checking for sys/fpu.h
configure:5516: result: no
configure:5529: checking for working alloca.h
configure:5546: gcc -o conftest -I/home/user/Desktop/XPIR/XPIR/local/include  -L/home/user/Desktop/XPIR/XPIR/local/lib conftest.c  >&5
configure:5546: $? = 0
configure:5554: result: yes
configure:5562: checking for alloca
configure:5599: gcc -o conftest -I/home/user/Desktop/XPIR/XPIR/local/include  -L/home/user/Desktop/XPIR/XPIR/local/lib conftest.c  >&5
configure:5599: $? = 0
configure:5607: result: yes
configure:5717: checking for stdint.h
configure:5717: result: yes
configure:5727: checking for SIZE_MAX
configure:5802: result: yes
configure:5813: checking how to copy va_list
configure:5831: gcc -o conftest -I/home/user/Desktop/XPIR/XPIR/local/include  -L/home/user/Desktop/XPIR/XPIR/local/lib conftest.c  >&5
configure:5831: $? = 0
configure:5833: result: va_copy
configure:5872: checking for memmove
configure:5872: gcc -o conftest -I/home/user/Desktop/XPIR/XPIR/local/include  -L/home/user/Desktop/XPIR/XPIR/local/lib conftest.c  >&5
conftest.c:51:6: warning: conflicting types for built-in function 'memmove' [enabled by default]
 char memmove ();
      ^
configure:5872: $? = 0
configure:5872: result: yes
configure:5872: checking for memset
configure:5872: gcc -o conftest -I/home/user/Desktop/XPIR/XPIR/local/include  -L/home/user/Desktop/XPIR/XPIR/local/lib conftest.c  >&5
conftest.c:52:6: warning: conflicting types for built-in function 'memset' [enabled by default]
 char memset ();
      ^
configure:5872: $? = 0
configure:5872: result: yes
configure:5872: checking for setlocale
configure:5872: gcc -o conftest -I/home/user/Desktop/XPIR/XPIR/local/include  -L/home/user/Desktop/XPIR/XPIR/local/lib conftest.c  >&5
configure:5872: $? = 0
configure:5872: result: yes
configure:5872: checking for strtol
configure:5872: gcc -o conftest -I/home/user/Desktop/XPIR/XPIR/local/include  -L/home/user/Desktop/XPIR/XPIR/local/lib conftest.c  >&5
configure:5872: $? = 0
configure:5872: result: yes
configure:5872: checking for gettimeofday
configure:5872: gcc -o conftest -I/home/user/Desktop/XPIR/XPIR/local/include  -L/home/user/Desktop/XPIR/XPIR/local/lib conftest.c  >&5
configure:5872: $? = 0
configure:5872: result: yes
configure:5925: checking for long long int
configure:5925: gcc -c -I/home/user/Desktop/XPIR/XPIR/local/include  conftest.c >&5
configure:5925: $? = 0
configure:5925: gcc -c -I/home/user/Desktop/XPIR/XPIR/local/include  conftest.c >&5
conftest.c: In function 'main':
conftest.c:69:28: error: expected expression before ')' token
 if (sizeof ((long long int)))
                            ^
configure:5925: $? = 1
configure: failed program was:
| /* confdefs.h */
| #define PACKAGE_NAME "MPFR"
| #define PACKAGE_TARNAME "mpfr"
| #define PACKAGE_VERSION "3.1.2"
| #define PACKAGE_STRING "MPFR 3.1.2"
| #define PACKAGE_BUGREPORT ""
| #define PACKAGE_URL ""
| #define TIME_WITH_SYS_TIME 1
| #define STDC_HEADERS 1
| #define HAVE_SYS_TYPES_H 1
| #define HAVE_SYS_STAT_H 1
| #define HAVE_STDLIB_H 1
| #define HAVE_STRING_H 1
| #define HAVE_MEMORY_H 1
| #define HAVE_STRINGS_H 1
| #define HAVE_INTTYPES_H 1
| #define HAVE_STDINT_H 1
| #define HAVE_UNISTD_H 1
| #define HAVE_LOCALE_H 1
| #define HAVE_WCHAR_H 1
| #define HAVE_STDARG 1
| #define HAVE_SYS_TIME_H 1
| #define HAVE_ALLOCA_H 1
| #define HAVE_ALLOCA 1
| #define HAVE_STDINT_H 1
| #define HAVE_VA_COPY 1
| #define HAVE_MEMMOVE 1
| #define HAVE_MEMSET 1
| #define HAVE_SETLOCALE 1
| #define HAVE_STRTOL 1
| #define HAVE_GETTIMEOFDAY 1
| /* end confdefs.h.  */
| #include <stdio.h>
| #ifdef HAVE_SYS_TYPES_H
| # include <sys/types.h>
| #endif
| #ifdef HAVE_SYS_STAT_H
| # include <sys/stat.h>
| #endif
| #ifdef STDC_HEADERS
| # include <stdlib.h>
| # include <stddef.h>
| #else
| # ifdef HAVE_STDLIB_H
| #  include <stdlib.h>
| # endif
| #endif
| #ifdef HAVE_STRING_H
| # if !defined STDC_HEADERS && defined HAVE_MEMORY_H
| #  include <memory.h>
| # endif
| # include <string.h>
| #endif
| #ifdef HAVE_STRINGS_H
| # include <strings.h>
| #endif
| #ifdef HAVE_INTTYPES_H
| # include <inttypes.h>
| #endif
| #ifdef HAVE_STDINT_H
| # include <stdint.h>
| #endif
| #ifdef HAVE_UNISTD_H
| # include <unistd.h>
| #endif
| int
| main ()
| {
| if (sizeof ((long long int)))
| 	    return 0;
|   ;
|   return 0;
| }
configure:5925: result: yes
configure:5933: checking for intmax_t
configure:5933: gcc -c -I/home/user/Desktop/XPIR/XPIR/local/include  conftest.c >&5
configure:5933: $? = 0
configure:5933: gcc -c -I/home/user/Desktop/XPIR/XPIR/local/include  conftest.c >&5
conftest.c: In function 'main':
conftest.c:70:23: error: expected expression before ')' token
 if (sizeof ((intmax_t)))
                       ^
configure:5933: $? = 1
configure: failed program was:
| /* confdefs.h */
| #define PACKAGE_NAME "MPFR"
| #define PACKAGE_TARNAME "mpfr"
| #define PACKAGE_VERSION "3.1.2"
| #define PACKAGE_STRING "MPFR 3.1.2"
| #define PACKAGE_BUGREPORT ""
| #define PACKAGE_URL ""
| #define TIME_WITH_SYS_TIME 1
| #define STDC_HEADERS 1
| #define HAVE_SYS_TYPES_H 1
| #define HAVE_SYS_STAT_H 1
| #define HAVE_STDLIB_H 1
| #define HAVE_STRING_H 1
| #define HAVE_MEMORY_H 1
| #define HAVE_STRINGS_H 1
| #define HAVE_INTTYPES_H 1
| #define HAVE_STDINT_H 1
| #define HAVE_UNISTD_H 1
| #define HAVE_LOCALE_H 1
| #define HAVE_WCHAR_H 1
| #define HAVE_STDARG 1
| #define HAVE_SYS_TIME_H 1
| #define HAVE_ALLOCA_H 1
| #define HAVE_ALLOCA 1
| #define HAVE_STDINT_H 1
| #define HAVE_VA_COPY 1
| #define HAVE_MEMMOVE 1
| #define HAVE_MEMSET 1
| #define HAVE_SETLOCALE 1
| #define HAVE_STRTOL 1
| #define HAVE_GETTIMEOFDAY 1
| #define HAVE_LONG_LONG 1
| /* end confdefs.h.  */
| #include <stdio.h>
| #ifdef HAVE_SYS_TYPES_H
| # include <sys/types.h>
| #endif
| #ifdef HAVE_SYS_STAT_H
| # include <sys/stat.h>
| #endif
| #ifdef STDC_HEADERS
| # include <stdlib.h>
| # include <stddef.h>
| #else
| # ifdef HAVE_STDLIB_H
| #  include <stdlib.h>
| # endif
| #endif
| #ifdef HAVE_STRING_H
| # if !defined STDC_HEADERS && defined HAVE_MEMORY_H
| #  include <memory.h>
| # endif
| # include <string.h>
| #endif
| #ifdef HAVE_STRINGS_H
| # include <strings.h>
| #endif
| #ifdef HAVE_INTTYPES_H
| # include <inttypes.h>
| #endif
| #ifdef HAVE_STDINT_H
| # include <stdint.h>
| #endif
| #ifdef HAVE_UNISTD_H
| # include <unistd.h>
| #endif
| int
| main ()
| {
| if (sizeof ((intmax_t)))
| 	    return 0;
|   ;
|   return 0;
| }
configure:5933: result: yes
configure:5944: checking for working INTMAX_MAX
configure:5963: gcc -c -I/home/user/Desktop/XPIR/XPIR/local/include  -I./src conftest.c >&5
configure:5963: $? = 0
configure:5972: result: yes
configure:5981: checking for union fpc_csr
configure:5981: gcc -c -I/home/user/Desktop/XPIR/XPIR/local/include  conftest.c >&5
conftest.c: In function 'main':
conftest.c:45:13: error: invalid application of 'sizeof' to incomplete type 'union fpc_csr'
 if (sizeof (union fpc_csr))
             ^
configure:5981: $? = 1
configure: failed program was:
| /* confdefs.h */
| #define PACKAGE_NAME "MPFR"
| #define PACKAGE_TARNAME "mpfr"
| #define PACKAGE_VERSION "3.1.2"
| #define PACKAGE_STRING "MPFR 3.1.2"
| #define PACKAGE_BUGREPORT ""
| #define PACKAGE_URL ""
| #define TIME_WITH_SYS_TIME 1
| #define STDC_HEADERS 1
| #define HAVE_SYS_TYPES_H 1
| #define HAVE_SYS_STAT_H 1
| #define HAVE_STDLIB_H 1
| #define HAVE_STRING_H 1
| #define HAVE_MEMORY_H 1
| #define HAVE_STRINGS_H 1
| #define HAVE_INTTYPES_H 1
| #define HAVE_STDINT_H 1
| #define HAVE_UNISTD_H 1
| #define HAVE_LOCALE_H 1
| #define HAVE_WCHAR_H 1
| #define HAVE_STDARG 1
| #define HAVE_SYS_TIME_H 1
| #define HAVE_ALLOCA_H 1
| #define HAVE_ALLOCA 1
| #define HAVE_STDINT_H 1
| #define HAVE_VA_COPY 1
| #define HAVE_MEMMOVE 1
| #define HAVE_MEMSET 1
| #define HAVE_SETLOCALE 1
| #define HAVE_STRTOL 1
| #define HAVE_GETTIMEOFDAY 1
| #define HAVE_LONG_LONG 1
| #define HAVE_INTMAX_T 1
| #define MPFR_HAVE_INTMAX_MAX 1
| /* end confdefs.h.  */
| 
| #if HAVE_SYS_FPU_H
| #  include <sys/fpu.h>
| #endif
| 
| 
| int
| main ()
| {
| if (sizeof (union fpc_csr))
| 	 return 0;
|   ;
|   return 0;
| }
configure:5981: result: no
configure:5994: checking for fesetround
configure:6013: gcc -o conftest -I/home/user/Desktop/XPIR/XPIR/local/include  -L/home/user/Desktop/XPIR/XPIR/local/lib conftest.c  -lm >&5
configure:6013: $? = 0
configure:6023: result: yes
configure:6032: checking for gcc float-conversion bug
configure:6072: gcc -o conftest -I/home/user/Desktop/XPIR/XPIR/local/include  -L/home/user/Desktop/XPIR/XPIR/local/lib conftest.c  -lm >&5
configure:6072: $? = 0
configure:6072: ./conftest
configure:6072: $? = 0
configure:6084: result: no
configure:6091: checking for denormalized numbers
configure:6112: gcc -o conftest -I/home/user/Desktop/XPIR/XPIR/local/include  -L/home/user/Desktop/XPIR/XPIR/local/lib conftest.c  >&5
configure:6112: $? = 0
configure:6112: ./conftest
1.112537e-308
configure:6112: $? = 0
configure:6123: result: yes
configure:6131: checking if the FP division by 0 fails
configure:6151: gcc -o conftest -I/home/user/Desktop/XPIR/XPIR/local/include  -L/home/user/Desktop/XPIR/XPIR/local/lib conftest.c  >&5
configure:6151: $? = 0
configure:6151: ./conftest
configure:6151: $? = 0
configure:6162: result: no
configure:6176: checking if NAN == NAN
configure:6200: gcc -o conftest -I/home/user/Desktop/XPIR/XPIR/local/include  -L/home/user/Desktop/XPIR/XPIR/local/lib conftest.c  >&5
configure:6200: $? = 0
configure:6200: ./conftest
configure:6200: $? = 1
configure: program exited with status 1
configure: failed program was:
| /* confdefs.h */
| #define PACKAGE_NAME "MPFR"
| #define PACKAGE_TARNAME "mpfr"
| #define PACKAGE_VERSION "3.1.2"
| #define PACKAGE_STRING "MPFR 3.1.2"
| #define PACKAGE_BUGREPORT ""
| #define PACKAGE_URL ""
| #define TIME_WITH_SYS_TIME 1
| #define STDC_HEADERS 1
| #define HAVE_SYS_TYPES_H 1
| #define HAVE_SYS_STAT_H 1
| #define HAVE_STDLIB_H 1
| #define HAVE_STRING_H 1
| #define HAVE_MEMORY_H 1
| #define HAVE_STRINGS_H 1
| #define HAVE_INTTYPES_H 1
| #define HAVE_STDINT_H 1
| #define HAVE_UNISTD_H 1
| #define HAVE_LOCALE_H 1
| #define HAVE_WCHAR_H 1
| #define HAVE_STDARG 1
| #define HAVE_SYS_TIME_H 1
| #define HAVE_ALLOCA_H 1
| #define HAVE_ALLOCA 1
| #define HAVE_STDINT_H 1
| #define HAVE_VA_COPY 1
| #define HAVE_MEMMOVE 1
| #define HAVE_MEMSET 1
| #define HAVE_SETLOCALE 1
| #define HAVE_STRTOL 1
| #define HAVE_GETTIMEOFDAY 1
| #define HAVE_LONG_LONG 1
| #define HAVE_INTMAX_T 1
| #define MPFR_HAVE_INTMAX_MAX 1
| #define MPFR_HAVE_FESETROUND 1
| #define HAVE_DENORMS 1
| /* end confdefs.h.  */
| 
| #include <stdio.h>
| #include <math.h>
| #ifndef NAN
| # define NAN (0.0/0.0)
| #endif
| int main() {
|   double d;
|   d = NAN;
|   return d != d;
| }
| 
configure:6211: result: no
configure:6239: checking if charset has consecutive values
configure:6269: gcc -o conftest -I/home/user/Desktop/XPIR/XPIR/local/include  -L/home/user/Desktop/XPIR/XPIR/local/lib conftest.c  >&5
configure:6269: $? = 0
configure:6269: ./conftest
configure:6269: $? = 0
configure:6270: result: yes
configure:6288: checking for math/round
configure:6308: gcc -o conftest -I/home/user/Desktop/XPIR/XPIR/local/include  -L/home/user/Desktop/XPIR/XPIR/local/lib conftest.c  -lm >&5
configure:6308: $? = 0
configure:6310: result: yes
configure:6323: checking for math/trunc
configure:6343: gcc -o conftest -I/home/user/Desktop/XPIR/XPIR/local/include  -L/home/user/Desktop/XPIR/XPIR/local/lib conftest.c  -lm >&5
configure:6343: $? = 0
configure:6345: result: yes
configure:6358: checking for math/floor
configure:6378: gcc -o conftest -I/home/user/Desktop/XPIR/XPIR/local/include  -L/home/user/Desktop/XPIR/XPIR/local/lib conftest.c  -lm >&5
configure:6378: $? = 0
configure:6380: result: yes
configure:6393: checking for math/ceil
configure:6413: gcc -o conftest -I/home/user/Desktop/XPIR/XPIR/local/include  -L/home/user/Desktop/XPIR/XPIR/local/lib conftest.c  -lm >&5
configure:6413: $? = 0
configure:6415: result: yes
configure:6428: checking for math/rint
configure:6448: gcc -o conftest -I/home/user/Desktop/XPIR/XPIR/local/include  -L/home/user/Desktop/XPIR/XPIR/local/lib conftest.c  -lm >&5
configure:6448: $? = 0
configure:6450: result: yes
configure:6468: checking for long double
configure:6468: gcc -c -I/home/user/Desktop/XPIR/XPIR/local/include  conftest.c >&5
configure:6468: $? = 0
configure:6468: gcc -c -I/home/user/Desktop/XPIR/XPIR/local/include  conftest.c >&5
conftest.c: In function 'main':
conftest.c:79:26: error: expected expression before ')' token
 if (sizeof ((long double)))
                          ^
configure:6468: $? = 1
configure: failed program was:
| /* confdefs.h */
| #define PACKAGE_NAME "MPFR"
| #define PACKAGE_TARNAME "mpfr"
| #define PACKAGE_VERSION "3.1.2"
| #define PACKAGE_STRING "MPFR 3.1.2"
| #define PACKAGE_BUGREPORT ""
| #define PACKAGE_URL ""
| #define TIME_WITH_SYS_TIME 1
| #define STDC_HEADERS 1
| #define HAVE_SYS_TYPES_H 1
| #define HAVE_SYS_STAT_H 1
| #define HAVE_STDLIB_H 1
| #define HAVE_STRING_H 1
| #define HAVE_MEMORY_H 1
| #define HAVE_STRINGS_H 1
| #define HAVE_INTTYPES_H 1
| #define HAVE_STDINT_H 1
| #define HAVE_UNISTD_H 1
| #define HAVE_LOCALE_H 1
| #define HAVE_WCHAR_H 1
| #define HAVE_STDARG 1
| #define HAVE_SYS_TIME_H 1
| #define HAVE_ALLOCA_H 1
| #define HAVE_ALLOCA 1
| #define HAVE_STDINT_H 1
| #define HAVE_VA_COPY 1
| #define HAVE_MEMMOVE 1
| #define HAVE_MEMSET 1
| #define HAVE_SETLOCALE 1
| #define HAVE_STRTOL 1
| #define HAVE_GETTIMEOFDAY 1
| #define HAVE_LONG_LONG 1
| #define HAVE_INTMAX_T 1
| #define MPFR_HAVE_INTMAX_MAX 1
| #define MPFR_HAVE_FESETROUND 1
| #define HAVE_DENORMS 1
| #define HAVE_ROUND 1
| #define HAVE_TRUNC 1
| #define HAVE_FLOOR 1
| #define HAVE_CEIL 1
| #define HAVE_NEARBYINT 1
| /* end confdefs.h.  */
| #include <stdio.h>
| #ifdef HAVE_SYS_TYPES_H
| # include <sys/types.h>
| #endif
| #ifdef HAVE_SYS_STAT_H
| # include <sys/stat.h>
| #endif
| #ifdef STDC_HEADERS
| # include <stdlib.h>
| # include <stddef.h>
| #else
| # ifdef HAVE_STDLIB_H
| #  include <stdlib.h>
| # endif
| #endif
| #ifdef HAVE_STRING_H
| # if !defined STDC_HEADERS && defined HAVE_MEMORY_H
| #  include <memory.h>
| # endif
| # include <string.h>
| #endif
| #ifdef HAVE_STRINGS_H
| # include <strings.h>
| #endif
| #ifdef HAVE_INTTYPES_H
| # include <inttypes.h>
| #endif
| #ifdef HAVE_STDINT_H
| # include <stdint.h>
| #endif
| #ifdef HAVE_UNISTD_H
| # include <unistd.h>
| #endif
| int
| main ()
| {
| if (sizeof ((long double)))
| 	    return 0;
|   ;
|   return 0;
| }
configure:6468: result: yes
configure:6478: checking format of `long double' floating point
configure:6505: gcc -I/home/user/Desktop/XPIR/XPIR/local/include  -c conftest.c >&5 2>&1
configure:6508: $? = 0
configure:6780: result: IEEE extended, little endian
configure:6825: checking for TLS support
configure:6853: gcc -o conftest -I/home/user/Desktop/XPIR/XPIR/local/include  -I./src -L/home/user/Desktop/XPIR/XPIR/local/lib conftest.c  >&5
configure:6853: $? = 0
configure:6853: ./conftest
configure:6853: $? = 0
configure:6854: result: yes
configure:6882: checking for library containing clock_gettime
configure:6913: gcc -o conftest -I/home/user/Desktop/XPIR/XPIR/local/include  -L/home/user/Desktop/XPIR/XPIR/local/lib conftest.c  >&5
configure:6913: $? = 0
configure:6930: result: none required
configure:6946: checking for gmp.h
configure:6954: gcc -c -I/home/user/Desktop/XPIR/XPIR/local/include  conftest.c >&5
conftest.c:48:17: fatal error: gmp.h: No such file or directory
 #include "gmp.h"
                 ^
compilation terminated.
configure:6954: $? = 1
configure: failed program was:
| /* confdefs.h */
| #define PACKAGE_NAME "MPFR"
| #define PACKAGE_TARNAME "mpfr"
| #define PACKAGE_VERSION "3.1.2"
| #define PACKAGE_STRING "MPFR 3.1.2"
| #define PACKAGE_BUGREPORT ""
| #define PACKAGE_URL ""
| #define TIME_WITH_SYS_TIME 1
| #define STDC_HEADERS 1
| #define HAVE_SYS_TYPES_H 1
| #define HAVE_SYS_STAT_H 1
| #define HAVE_STDLIB_H 1
| #define HAVE_STRING_H 1
| #define HAVE_MEMORY_H 1
| #define HAVE_STRINGS_H 1
| #define HAVE_INTTYPES_H 1
| #define HAVE_STDINT_H 1
| #define HAVE_UNISTD_H 1
| #define HAVE_LOCALE_H 1
| #define HAVE_WCHAR_H 1
| #define HAVE_STDARG 1
| #define HAVE_SYS_TIME_H 1
| #define HAVE_ALLOCA_H 1
| #define HAVE_ALLOCA 1
| #define HAVE_STDINT_H 1
| #define HAVE_VA_COPY 1
| #define HAVE_MEMMOVE 1
| #define HAVE_MEMSET 1
| #define HAVE_SETLOCALE 1
| #define HAVE_STRTOL 1
| #define HAVE_GETTIMEOFDAY 1
| #define HAVE_LONG_LONG 1
| #define HAVE_INTMAX_T 1
| #define MPFR_HAVE_INTMAX_MAX 1
| #define MPFR_HAVE_FESETROUND 1
| #define HAVE_DENORMS 1
| #define HAVE_ROUND 1
| #define HAVE_TRUNC 1
| #define HAVE_FLOOR 1
| #define HAVE_CEIL 1
| #define HAVE_NEARBYINT 1
| #define HAVE_LONG_DOUBLE 1
| #define HAVE_LDOUBLE_IEEE_EXT_LITTLE 1
| #define MPFR_USE_THREAD_SAFE 1
| #define HAVE_CLOCK_GETTIME 1
| /* end confdefs.h.  */
| 
| #include "gmp.h"
| 
configure:6959: result: no
configure:6961: error: gmp.h can't be found, or is unusable.

## ---------------- ##
## Cache variables. ##
## ---------------- ##

ac_cv_build=x86_64-unknown-linux-gnu
ac_cv_c_compiler_gnu=yes
ac_cv_c_const=yes
ac_cv_c_volatile=yes
ac_cv_env_CC_set=
ac_cv_env_CC_value=
ac_cv_env_CFLAGS_set=set
ac_cv_env_CFLAGS_value=-I/home/user/Desktop/XPIR/XPIR/local/include
ac_cv_env_CPPFLAGS_set=
ac_cv_env_CPPFLAGS_value=
ac_cv_env_CPP_set=
ac_cv_env_CPP_value=
ac_cv_env_LDFLAGS_set=set
ac_cv_env_LDFLAGS_value=-L/home/user/Desktop/XPIR/XPIR/local/lib
ac_cv_env_LIBS_set=
ac_cv_env_LIBS_value=
ac_cv_env_build_alias_set=
ac_cv_env_build_alias_value=
ac_cv_env_host_alias_set=
ac_cv_env_host_alias_value=
ac_cv_env_target_alias_set=
ac_cv_env_target_alias_value=
ac_cv_func_alloca_works=yes
ac_cv_func_gettimeofday=yes
ac_cv_func_memmove=yes
ac_cv_func_memset=yes
ac_cv_func_setlocale=yes
ac_cv_func_strtol=yes
ac_cv_header_float_h=yes
ac_cv_header_inttypes_h=yes
ac_cv_header_limits_h=yes
ac_cv_header_locale_h=yes
ac_cv_header_memory_h=yes
ac_cv_header_stdarg_h=yes
ac_cv_header_stdc=yes
ac_cv_header_stdint_h=yes
ac_cv_header_stdlib_h=yes
ac_cv_header_string_h=yes
ac_cv_header_strings_h=yes
ac_cv_header_sys_fpu_h=no
ac_cv_header_sys_stat_h=yes
ac_cv_header_sys_time_h=yes
ac_cv_header_sys_types_h=yes
ac_cv_header_time=yes
ac_cv_header_unistd_h=yes
ac_cv_header_wchar_h=yes
ac_cv_host=x86_64-unknown-linux-gnu
ac_cv_lib_m_main=yes
ac_cv_objext=o
ac_cv_path_EGREP='/bin/grep -E'
ac_cv_path_GREP=/bin/grep
ac_cv_path_SED=/bin/sed
ac_cv_path_install='/usr/bin/install -c'
ac_cv_path_mkdir=/bin/mkdir
ac_cv_prog_AWK=gawk
ac_cv_prog_CPP='gcc -E'
ac_cv_prog_ac_ct_CC=gcc
ac_cv_prog_cc_c89=
ac_cv_prog_cc_g=yes
ac_cv_prog_cc_gcc_c_o=yes
ac_cv_prog_make_make_set=yes
ac_cv_search_clock_gettime='none required'
ac_cv_type_intmax_t=yes
ac_cv_type_long_double=yes
ac_cv_type_long_long_int=yes
ac_cv_type_size_t=yes
ac_cv_type_union_fpc_csr=no
ac_cv_working_alloca_h=yes
am_cv_CC_dependencies_compiler_type=gcc3
gl_cv_size_max=yes
mpfr_cv_c_long_double_format='IEEE extended, little endian'
mpfr_cv_errdivzero=no
mpfr_cv_gcc_floatconv_bug=no
mpfr_cv_have_denorms=yes
mpfr_cv_have_fesetround=yes
mpfr_cv_have_intmax_max=yes
mpfr_cv_nanisnan=no

## ----------------- ##
## Output variables. ##
## ----------------- ##

ACLOCAL='${SHELL} /home/user/Desktop/XPIR/XPIR/dependencies/mpfr-3.1.2/missing --run aclocal-1.11'
ALLOCA=''
AMDEPBACKSLASH='\'
AMDEP_FALSE='#'
AMDEP_TRUE=''
AMTAR='$${TAR-tar}'
AR=''
AS=''
AUTOCONF='${SHELL} /home/user/Desktop/XPIR/XPIR/dependencies/mpfr-3.1.2/missing --run autoconf'
AUTOHEADER='${SHELL} /home/user/Desktop/XPIR/XPIR/dependencies/mpfr-3.1.2/missing --run autoheader'
AUTOMAKE='${SHELL} /home/user/Desktop/XPIR/XPIR/dependencies/mpfr-3.1.2/missing --run automake-1.11'
AWK='gawk'
CC='gcc'
CCDEPMODE='depmode=gcc3'
CFLAGS='-I/home/user/Desktop/XPIR/XPIR/local/include'
CPP='gcc -E'
CPPFLAGS=''
CYGPATH_W='echo'
DATAFILES=''
DEFS=''
DEPDIR='.deps'
DLLTOOL=''
DSYMUTIL=''
DUMPBIN=''
ECHO_C=''
ECHO_N='-n'
ECHO_T=''
EGREP='/bin/grep -E'
EXEEXT=''
FGREP=''
GREP='/bin/grep'
INSTALL_DATA='${INSTALL} -m 644'
INSTALL_PROGRAM='${INSTALL}'
INSTALL_SCRIPT='${INSTALL}'
INSTALL_STRIP_PROGRAM='$(install_sh) -c -s'
LD=''
LDFLAGS='-L/home/user/Desktop/XPIR/XPIR/local/lib'
LIBMPFR_LDFLAGS=''
LIBOBJS=''
LIBS=''
LIBTOOL=''
LIPO=''
LN_S=''
LTLIBOBJS=''
MAINT=''
MAINTAINER_MODE_FALSE='#'
MAINTAINER_MODE_TRUE=''
MAKEINFO='${SHELL} /home/user/Desktop/XPIR/XPIR/dependencies/mpfr-3.1.2/missing --run makeinfo'
MANIFEST_TOOL=''
MKDIR_P='/bin/mkdir -p'
MPFR_LDFLAGS=''
MPFR_LIBM='-lm'
NM=''
NMEDIT=''
OBJDUMP=''
OBJEXT='o'
OTOOL64=''
OTOOL=''
PACKAGE='mpfr'
PACKAGE_BUGREPORT=''
PACKAGE_NAME='MPFR'
PACKAGE_STRING='MPFR 3.1.2'
PACKAGE_TARNAME='mpfr'
PACKAGE_URL=''
PACKAGE_VERSION='3.1.2'
PATH_SEPARATOR=':'
RANLIB=''
SED='/bin/sed'
SET_MAKE=''
SHELL='/bin/bash'
STRIP=''
TUNE_LIBS=''
VERSION='3.1.2'
ac_ct_AR=''
ac_ct_CC='gcc'
ac_ct_DUMPBIN=''
am__EXEEXT_FALSE=''
am__EXEEXT_TRUE=''
am__fastdepCC_FALSE='#'
am__fastdepCC_TRUE=''
am__include='include'
am__isrc=''
am__leading_dot='.'
am__nodep='_no'
am__quote=''
am__tar='$${TAR-tar} chof - "$$tardir"'
am__untar='$${TAR-tar} xf -'
bindir='${exec_prefix}/bin'
build='x86_64-unknown-linux-gnu'
build_alias=''
build_cpu='x86_64'
build_os='linux-gnu'
build_vendor='unknown'
datadir='${datarootdir}'
datarootdir='${prefix}/share'
docdir='${datarootdir}/doc/${PACKAGE_TARNAME}'
dvidir='${docdir}'
exec_prefix='NONE'
host='x86_64-unknown-linux-gnu'
host_alias=''
host_cpu='x86_64'
host_os='linux-gnu'
host_vendor='unknown'
htmldir='${docdir}'
includedir='${prefix}/include'
infodir='${datarootdir}/info'
install_sh='${SHELL} /home/user/Desktop/XPIR/XPIR/dependencies/mpfr-3.1.2/install-sh'
libdir='${exec_prefix}/lib'
libexecdir='${exec_prefix}/libexec'
localedir='${datarootdir}/locale'
localstatedir='${prefix}/var'
mandir='${datarootdir}/man'
mkdir_p='/bin/mkdir -p'
oldincludedir='/usr/include'
pdfdir='${docdir}'
prefix='/home/user/Desktop/XPIR/XPIR/local'
program_transform_name='s,x,x,'
psdir='${docdir}'
sbindir='${exec_prefix}/sbin'
sharedstatedir='${prefix}/com'
sysconfdir='${prefix}/etc'
target_alias=''

## ----------- ##
## confdefs.h. ##
## ----------- ##

/* confdefs.h */
#define PACKAGE_NAME "MPFR"
#define PACKAGE_TARNAME "mpfr"
#define PACKAGE_VERSION "3.1.2"
#define PACKAGE_STRING "MPFR 3.1.2"
#define PACKAGE_BUGREPORT ""
#define PACKAGE_URL ""
#define TIME_WITH_SYS_TIME 1
#define STDC_HEADERS 1
#define HAVE_SYS_TYPES_H 1
#define HAVE_SYS_STAT_H 1
#define HAVE_STDLIB_H 1
#define HAVE_STRING_H 1
#define HAVE_MEMORY_H 1
#define HAVE_STRINGS_H 1
#define HAVE_INTTYPES_H 1
#define HAVE_STDINT_H 1
#define HAVE_UNISTD_H 1
#define HAVE_LOCALE_H 1
#define HAVE_WCHAR_H 1
#define HAVE_STDARG 1
#define HAVE_SYS_TIME_H 1
#define HAVE_ALLOCA_H 1
#define HAVE_ALLOCA 1
#define HAVE_STDINT_H 1
#define HAVE_VA_COPY 1
#define HAVE_MEMMOVE 1
#define HAVE_MEMSET 1
#define HAVE_SETLOCALE 1
#define HAVE_STRTOL 1
#define HAVE_GETTIMEOFDAY 1
#define HAVE_LONG_LONG 1
#define HAVE_INTMAX_T 1
#define MPFR_HAVE_INTMAX_MAX 1
#define MPFR_HAVE_FESETROUND 1
#define HAVE_DENORMS 1
#define HAVE_ROUND 1
#define HAVE_TRUNC 1
#define HAVE_FLOOR 1
#define HAVE_CEIL 1
#define HAVE_NEARBYINT 1
#define HAVE_LONG_DOUBLE 1
#define HAVE_LDOUBLE_IEEE_EXT_LITTLE 1
#define MPFR_USE_THREAD_SAFE 1
#define HAVE_CLOCK_GETTIME 1

configure: exit 1
